<?xml version="1.0" encoding="UTF-8"?>
<testExecutions version="1">
  <file path="/home/ds/Projects/dfinance/pontem-types/src/index.test.ts">
    <testCase name="some functionality 2=2" duration="2"/>
  </file>
</testExecutions>